<?xml version="1.0" encoding="UTF-8"?>
<testng-results ignored="0" total="1" passed="1" failed="0" skipped="0">
  <reporter-output>
  </reporter-output>
  <suite started-at="2024-06-27T17:00:54Z" name="Suite" finished-at="2024-06-27T17:00:58Z" duration-ms="4386">
    <groups>
    </groups>
    <test started-at="2024-06-27T17:00:54Z" name="Test" finished-at="2024-06-27T17:00:58Z" duration-ms="4386">
      <class name="hrm.Bcs">
        <test-method signature="login()[pri:0, instance:hrm.Bcs@7cc2c551]" started-at="2024-06-27T17:00:54Z" name="login" finished-at="2024-06-27T17:00:58Z" duration-ms="4361" status="PASS">
          <reporter-output>
          </reporter-output>
        </test-method> <!-- login -->
      </class> <!-- hrm.Bcs -->
    </test> <!-- Test -->
  </suite> <!-- Suite -->
</testng-results>
