<?xml version="1.0" encoding="UTF-8"?>
<testng-results ignored="0" total="1" passed="1" failed="0" skipped="0">
  <reporter-output>
  </reporter-output>
  <suite started-at="2024-06-27T16:55:02Z" name="Suite" finished-at="2024-06-27T16:55:06Z" duration-ms="3972">
    <groups>
    </groups>
    <test started-at="2024-06-27T16:55:02Z" name="Test" finished-at="2024-06-27T16:55:06Z" duration-ms="3972">
      <class name="hrm.Bcs">
        <test-method signature="login()[pri:0, instance:hrm.Bcs@38b27cdc]" started-at="2024-06-27T16:55:02Z" name="login" finished-at="2024-06-27T16:55:06Z" duration-ms="3939" status="PASS">
          <reporter-output>
          </reporter-output>
        </test-method> <!-- login -->
      </class> <!-- hrm.Bcs -->
    </test> <!-- Test -->
  </suite> <!-- Suite -->
</testng-results>
